2025-04-24 20:11:08,770 - ERROR - Embedding failed: Data too large for carrier image. Required: 174253840 bits, Available: 2205000 bits
2025-04-24 20:12:41,458 - ERROR - Extraction failed: Password mismatch: incorrect password provided
2025-04-24 20:13:03,885 - ERROR - Extraction failed: File integrity check failed
2025-04-24 20:13:21,233 - ERROR - Extraction failed: Password mismatch: incorrect password provided
2025-04-24 20:17:26,877 - INFO - GIF part size: 186967 bytes
2025-04-24 20:17:26,887 - INFO - Hidden data size: 80508 bytes
2025-04-24 20:17:26,887 - INFO - Total output size: 267479 bytes
2025-04-25 01:56:15,571 - ERROR - Embedding failed: Data too large for carrier image. Required: 8068880 bits, Available: 2319000 bits
2025-04-25 02:41:02,205 - ERROR - Embedding failed: Data too large for carrier image. Required: 3856 bits, Available: 300 bits
2025-04-25 02:41:25,438 - ERROR - Embedding failed: Data too large for carrier image. Required: 3696 bits, Available: 300 bits
2025-04-25 02:41:33,793 - ERROR - Embedding failed: Data too large for carrier image. Required: 3696 bits, Available: 300 bits
2025-04-25 04:07:22,682 - ERROR - Extraction failed: broken data stream when reading image file
2025-04-25 04:13:19,229 - ERROR - Extraction failed: broken data stream when reading image file
2025-04-25 04:13:43,957 - ERROR - Extraction failed: broken data stream when reading image file
2025-04-25 04:13:48,365 - ERROR - Extraction failed: broken data stream when reading image file
2025-04-25 04:19:08,246 - ERROR - Extraction failed: Password mismatch: incorrect password provided
2025-04-25 05:13:17,504 - INFO - GIF part size: 268680 bytes
2025-04-25 05:14:37,267 - INFO - Hidden data size: 4484862436 bytes
2025-04-25 05:33:48,317 - ERROR - Embedding failed: Data too large for carrier image. Required: 26944944 bits, Available: 24871680 bits
2025-04-25 05:34:29,056 - ERROR - Embedding failed: Data too large for carrier image. Required: 26792560 bits, Available: 24871680 bits
2025-04-25 06:22:28,167 - INFO - GIF part size: 268680 bytes
2025-04-25 06:22:28,326 - INFO - Hidden data size: 7776140 bytes
2025-04-25 06:22:28,327 - INFO - Total output size: 8044824 bytes
2025-04-25 06:23:54,301 - INFO - GIF part size: 268680 bytes
2025-04-25 06:23:54,458 - INFO - Hidden data size: 7776140 bytes
2025-04-25 06:23:54,459 - INFO - Total output size: 8044824 bytes
2025-04-25 18:31:47,515 - INFO - GIF part size: 268680 bytes
2025-04-25 18:31:47,671 - INFO - Hidden data size: 7776140 bytes
2025-04-25 18:31:47,672 - INFO - Total output size: 8044824 bytes
2025-04-25 18:32:37,550 - INFO - GIF size: 8044824 bytes
2025-04-25 18:32:37,553 - INFO - Remaining data size after GIF trailer: 7776144 bytes
2025-04-25 18:32:37,553 - INFO - Parsed hidden data length: 7776140 bytes, Available: 7776140 bytes
2025-04-25 18:32:37,559 - INFO - Extracted HMAC: 58dfab4ad4eb195be7944a05d9f519528c47397c6b511f1bc91c5322b09554c5
2025-04-25 18:32:37,559 - INFO - Computed HMAC: 58dfab4ad4eb195be7944a05d9f519528c47397c6b511f1bc91c5322b09554c5
2025-04-25 18:48:22,333 - INFO - GIF part size: 268680 bytes
2025-04-25 18:48:22,492 - INFO - Hidden data size: 7776140 bytes
2025-04-25 18:48:22,493 - INFO - Total output size: 8044824 bytes
2025-04-25 19:47:52,474 - INFO - GIF part size: 1003 bytes
2025-04-25 19:47:52,475 - INFO - Hidden data size: 444 bytes
2025-04-25 19:47:52,476 - INFO - Total output size: 1451 bytes
2025-04-25 19:47:52,534 - INFO - GIF size: 1451 bytes
2025-04-25 19:47:52,534 - INFO - Remaining data size after GIF trailer: 15 bytes
2025-04-25 19:47:52,534 - INFO - Parsed hidden data length: 912270879 bytes, Available: 11 bytes
2025-04-25 19:47:52,534 - ERROR - Failed to split GIF data: Hidden data length (912270879 bytes) exceeds available data (11 bytes). File may be corrupted or not properly embedded.
2025-04-25 19:47:52,632 - INFO - GIF part size: 1003 bytes
2025-04-25 19:47:52,633 - INFO - Hidden data size: 444 bytes
2025-04-25 19:47:52,633 - INFO - Total output size: 1451 bytes
2025-04-25 19:47:52,691 - INFO - GIF size: 1451 bytes
2025-04-25 19:47:52,691 - INFO - Remaining data size after GIF trailer: 448 bytes
2025-04-25 19:47:52,691 - INFO - Parsed hidden data length: 444 bytes, Available: 444 bytes
2025-04-25 19:47:52,691 - INFO - Extracted HMAC: c905880a9cdfc39e096019ec6590db27b1a06793eef54846c57aa8efb882a3af
2025-04-25 19:47:52,691 - INFO - Computed HMAC: c905880a9cdfc39e096019ec6590db27b1a06793eef54846c57aa8efb882a3af
2025-04-25 19:47:52,763 - INFO - GIF part size: 1003 bytes
2025-04-25 19:47:52,764 - INFO - Hidden data size: 444 bytes
2025-04-25 19:47:52,764 - INFO - Total output size: 1451 bytes
2025-04-25 19:47:52,823 - INFO - GIF size: 1451 bytes
2025-04-25 19:47:52,823 - INFO - Remaining data size after GIF trailer: 448 bytes
2025-04-25 19:47:52,823 - INFO - Parsed hidden data length: 444 bytes, Available: 444 bytes
2025-04-25 19:48:02,212 - INFO - GIF part size: 1003 bytes
2025-04-25 19:48:02,213 - INFO - Hidden data size: 444 bytes
2025-04-25 19:48:02,213 - INFO - Total output size: 1451 bytes
2025-04-25 19:48:02,270 - INFO - GIF size: 1451 bytes
2025-04-25 19:48:02,271 - INFO - Remaining data size after GIF trailer: 448 bytes
2025-04-25 19:48:02,271 - INFO - Parsed hidden data length: 444 bytes, Available: 444 bytes
2025-04-25 19:48:02,271 - INFO - Extracted file count: 1
2025-04-25 19:48:02,271 - INFO - Metadata type after decryption: <class 'bytes'>
2025-04-25 19:48:02,367 - INFO - GIF part size: 1003 bytes
2025-04-25 19:48:02,367 - INFO - Hidden data size: 444 bytes
2025-04-25 19:48:02,367 - INFO - Total output size: 1451 bytes
2025-04-25 19:48:02,426 - INFO - GIF size: 1451 bytes
2025-04-25 19:48:02,426 - INFO - Remaining data size after GIF trailer: 9 bytes
2025-04-25 19:48:02,426 - INFO - Parsed hidden data length: 1528204394 bytes, Available: 5 bytes
2025-04-25 19:48:02,497 - INFO - GIF part size: 1003 bytes
2025-04-25 19:48:02,498 - INFO - Hidden data size: 444 bytes
2025-04-25 19:48:02,498 - INFO - Total output size: 1451 bytes
2025-04-25 19:48:02,556 - INFO - GIF size: 1451 bytes
2025-04-25 19:48:02,556 - INFO - Remaining data size after GIF trailer: 448 bytes
2025-04-25 19:48:02,556 - INFO - Parsed hidden data length: 444 bytes, Available: 444 bytes
2025-04-25 19:50:38,324 - INFO - GIF part size: 1003 bytes
2025-04-25 19:50:38,325 - INFO - Progress: 90%
2025-04-25 19:50:38,325 - INFO - Hidden data size: 444 bytes
2025-04-25 19:50:38,325 - INFO - Total output size: 1451 bytes
2025-04-25 19:50:38,384 - INFO - GIF size: 1451 bytes
2025-04-25 19:50:38,384 - INFO - Progress: 10%
2025-04-25 19:50:38,384 - INFO - Remaining data size after GIF trailer: 448 bytes
2025-04-25 19:50:38,384 - INFO - Parsed hidden data length: 444 bytes, Available: 444 bytes
2025-04-25 19:50:38,384 - INFO - Extracted file count: 1
2025-04-25 19:50:38,384 - INFO - Progress: 75%
2025-04-25 19:50:38,384 - INFO - Metadata type after decryption: <class 'bytes'>
2025-04-25 19:50:38,384 - INFO - Progress: 100%
2025-04-25 19:50:38,384 - ERROR - GIF embedding/extraction test failed: Failed to process extracted data: Invalid data format
2025-04-25 19:50:38,403 - INFO - Progress: 0%
2025-04-25 19:50:38,403 - INFO - Progress: 10%
2025-04-25 19:50:38,405 - INFO - Progress: 70%
2025-04-25 19:50:38,405 - INFO - Progress: 90%
2025-04-25 19:50:38,406 - INFO - Progress: 100%
2025-04-25 19:50:38,407 - INFO - Progress: 0%
2025-04-25 19:50:38,407 - INFO - Progress: 6%
2025-04-25 19:50:38,408 - INFO - Progress: 13%
2025-04-25 19:50:38,408 - INFO - Progress: 19%
2025-04-25 19:50:38,408 - INFO - Progress: 25%
2025-04-25 19:50:38,410 - INFO - Progress: 30%
2025-04-25 19:50:38,410 - INFO - Progress: 40%
2025-04-25 19:50:38,411 - INFO - Progress: 50%
2025-04-25 19:50:38,411 - ERROR - Image embedding/extraction test failed: Failed to process extracted data: Invalid data format
2025-04-25 19:50:38,485 - INFO - GIF part size: 1003 bytes
2025-04-25 19:50:38,485 - INFO - Progress: 90%
2025-04-25 19:50:38,485 - INFO - Hidden data size: 444 bytes
2025-04-25 19:50:38,485 - INFO - Total output size: 1451 bytes
2025-04-25 19:50:38,545 - INFO - GIF size: 1451 bytes
2025-04-25 19:50:38,545 - INFO - Progress: 10%
2025-04-25 19:50:38,545 - INFO - Remaining data size after GIF trailer: 434 bytes
2025-04-25 19:50:38,545 - INFO - Parsed hidden data length: 3253599700 bytes, Available: 430 bytes
2025-04-25 19:50:38,545 - ERROR - Metadata handling test failed: Hidden data length (3253599700 bytes) exceeds maximum allowed (1048576000 bytes). Possible data corruption or incorrect file.
2025-04-25 19:50:38,552 - INFO - Progress: 0%
2025-04-25 19:50:38,552 - INFO - Progress: 10%
2025-04-25 19:50:38,554 - INFO - Progress: 70%
2025-04-25 19:50:38,554 - INFO - Progress: 90%
2025-04-25 19:50:38,555 - INFO - Progress: 100%
2025-04-25 19:50:38,555 - INFO - Progress: 0%
2025-04-25 19:50:38,556 - INFO - Progress: 6%
2025-04-25 19:50:38,556 - INFO - Progress: 13%
2025-04-25 19:50:38,556 - INFO - Progress: 19%
2025-04-25 19:50:38,557 - INFO - Progress: 25%
2025-04-25 19:50:38,559 - INFO - Progress: 30%
2025-04-25 19:50:38,559 - INFO - Progress: 40%
2025-04-25 19:50:38,617 - INFO - GIF part size: 1003 bytes
2025-04-25 19:50:38,617 - INFO - Progress: 90%
2025-04-25 19:50:38,618 - INFO - Hidden data size: 444 bytes
2025-04-25 19:50:38,618 - INFO - Total output size: 1451 bytes
2025-04-25 19:50:38,676 - INFO - GIF size: 1451 bytes
2025-04-25 19:50:38,676 - INFO - Progress: 10%
2025-04-25 19:50:38,676 - INFO - Remaining data size after GIF trailer: 448 bytes
2025-04-25 19:50:38,676 - INFO - Parsed hidden data length: 444 bytes, Available: 444 bytes
2025-04-25 19:51:36,983 - INFO - GIF part size: 1003 bytes
2025-04-25 19:51:36,984 - INFO - Progress: 90%
2025-04-25 19:51:36,984 - INFO - Hidden data size: 464 bytes
2025-04-25 19:51:36,984 - INFO - Total output size: 1471 bytes
2025-04-25 19:51:37,043 - INFO - GIF size: 1471 bytes
2025-04-25 19:51:37,043 - INFO - Progress: 10%
2025-04-25 19:51:37,043 - INFO - Remaining data size after GIF trailer: 2 bytes
2025-04-25 19:51:37,043 - ERROR - Failed to split GIF data: No hidden data found after GIF trailer (insufficient data for length prefix).
2025-04-25 19:51:37,043 - ERROR - GIF embedding/extraction test failed: No hidden data found after GIF trailer (insufficient data for length prefix).
2025-04-25 19:51:37,065 - INFO - Progress: 0%
2025-04-25 19:51:37,066 - INFO - Progress: 10%
2025-04-25 19:51:37,067 - INFO - Progress: 70%
2025-04-25 19:51:37,067 - INFO - Progress: 90%
2025-04-25 19:51:37,069 - INFO - Progress: 100%
2025-04-25 19:51:37,069 - INFO - Progress: 0%
2025-04-25 19:51:37,070 - INFO - Progress: 6%
2025-04-25 19:51:37,070 - INFO - Progress: 13%
2025-04-25 19:51:37,071 - INFO - Progress: 19%
2025-04-25 19:51:37,071 - INFO - Progress: 25%
2025-04-25 19:51:37,073 - INFO - Progress: 30%
2025-04-25 19:51:37,073 - INFO - Progress: 40%
2025-04-25 19:51:37,073 - INFO - Progress: 50%
2025-04-25 19:51:37,145 - INFO - GIF part size: 1003 bytes
2025-04-25 19:51:37,145 - INFO - Progress: 90%
2025-04-25 19:51:37,145 - INFO - Hidden data size: 444 bytes
2025-04-25 19:51:37,145 - INFO - Total output size: 1451 bytes
2025-04-25 19:51:37,203 - INFO - GIF size: 1451 bytes
2025-04-25 19:51:37,204 - INFO - Progress: 10%
2025-04-25 19:51:37,204 - INFO - Remaining data size after GIF trailer: 448 bytes
2025-04-25 19:51:37,204 - INFO - Parsed hidden data length: 444 bytes, Available: 444 bytes
2025-04-25 19:51:37,204 - INFO - Extracted HMAC: 014f72932962a86c2e23bfeda112f364808a809602eb8230e620ef5d67738f5f
2025-04-25 19:51:37,204 - INFO - Computed HMAC: 014f72932962a86c2e23bfeda112f364808a809602eb8230e620ef5d67738f5f
2025-04-25 19:51:37,204 - INFO - Progress: 50%
2025-04-25 19:51:37,204 - INFO - Progress: 100%
2025-04-25 19:51:37,211 - INFO - Progress: 0%
2025-04-25 19:51:37,211 - INFO - Progress: 10%
2025-04-25 19:51:37,213 - INFO - Progress: 70%
2025-04-25 19:51:37,213 - INFO - Progress: 90%
2025-04-25 19:51:37,215 - INFO - Progress: 100%
2025-04-25 19:51:37,215 - INFO - Progress: 0%
2025-04-25 19:51:37,216 - INFO - Progress: 6%
2025-04-25 19:51:37,216 - INFO - Progress: 13%
2025-04-25 19:51:37,216 - INFO - Progress: 19%
2025-04-25 19:51:37,216 - INFO - Progress: 25%
2025-04-25 19:51:37,219 - INFO - Progress: 30%
2025-04-25 19:51:37,219 - INFO - Progress: 40%
2025-04-25 19:51:37,278 - INFO - GIF part size: 1003 bytes
2025-04-25 19:51:37,279 - INFO - Progress: 90%
2025-04-25 19:51:37,279 - INFO - Hidden data size: 464 bytes
2025-04-25 19:51:37,279 - INFO - Total output size: 1471 bytes
2025-04-25 19:51:37,338 - INFO - GIF size: 1471 bytes
2025-04-25 19:51:37,338 - INFO - Progress: 10%
2025-04-25 19:51:37,338 - INFO - Remaining data size after GIF trailer: 468 bytes
2025-04-25 19:51:37,338 - INFO - Parsed hidden data length: 464 bytes, Available: 464 bytes
2025-04-25 19:52:49,411 - INFO - GIF part size: 122 bytes
2025-04-25 19:52:49,412 - INFO - Progress: 90%
2025-04-25 19:52:49,412 - INFO - Hidden data size: 444 bytes
2025-04-25 19:52:49,412 - INFO - Total output size: 570 bytes
2025-04-25 19:52:49,473 - INFO - GIF size: 570 bytes
2025-04-25 19:52:49,473 - INFO - Progress: 10%
2025-04-25 19:52:49,473 - INFO - Remaining data size after GIF trailer: 11 bytes
2025-04-25 19:52:49,473 - INFO - Parsed hidden data length: 2124978085 bytes, Available: 7 bytes
2025-04-25 19:52:49,473 - ERROR - Failed to split GIF data: Hidden data length (2124978085 bytes) exceeds maximum allowed (1048576000 bytes). Possible data corruption or incorrect file.
2025-04-25 19:52:49,473 - ERROR - GIF embedding/extraction test failed: Hidden data length (2124978085 bytes) exceeds maximum allowed (1048576000 bytes). Possible data corruption or incorrect file.
2025-04-25 19:52:49,505 - INFO - Progress: 0%
2025-04-25 19:52:49,506 - INFO - Progress: 10%
2025-04-25 19:52:49,509 - INFO - Progress: 70%
2025-04-25 19:52:49,510 - INFO - Progress: 90%
2025-04-25 19:52:49,512 - INFO - Progress: 100%
2025-04-25 19:52:49,512 - INFO - Progress: 0%
2025-04-25 19:52:49,514 - INFO - Progress: 6%
2025-04-25 19:52:49,516 - INFO - Progress: 12%
2025-04-25 19:52:49,517 - INFO - Progress: 19%
2025-04-25 19:52:49,518 - INFO - Progress: 25%
2025-04-25 19:52:49,527 - INFO - Progress: 30%
2025-04-25 19:52:49,527 - INFO - Progress: 40%
2025-04-25 19:52:49,527 - INFO - Progress: 50%
2025-04-25 19:52:49,620 - INFO - GIF part size: 122 bytes
2025-04-25 19:52:49,621 - INFO - Progress: 90%
2025-04-25 19:52:49,621 - INFO - Hidden data size: 444 bytes
2025-04-25 19:52:49,621 - INFO - Total output size: 570 bytes
2025-04-25 19:52:49,680 - INFO - GIF size: 570 bytes
2025-04-25 19:52:49,680 - INFO - Progress: 10%
2025-04-25 19:52:49,680 - INFO - Remaining data size after GIF trailer: 0 bytes
2025-04-25 19:52:49,680 - ERROR - Metadata handling test failed: No hidden data found after GIF trailer.
2025-04-25 19:52:49,692 - INFO - Progress: 0%
2025-04-25 19:52:49,693 - INFO - Progress: 10%
2025-04-25 19:52:49,696 - INFO - Progress: 70%
2025-04-25 19:52:49,697 - INFO - Progress: 90%
2025-04-25 19:52:49,699 - INFO - Progress: 100%
2025-04-25 19:52:49,699 - INFO - Progress: 0%
2025-04-25 19:52:49,701 - INFO - Progress: 6%
2025-04-25 19:52:49,702 - INFO - Progress: 12%
2025-04-25 19:52:49,703 - INFO - Progress: 19%
2025-04-25 19:52:49,705 - INFO - Progress: 25%
2025-04-25 19:52:49,714 - INFO - Progress: 30%
2025-04-25 19:52:49,714 - INFO - Progress: 40%
2025-04-25 19:52:49,775 - INFO - GIF part size: 122 bytes
2025-04-25 19:52:49,776 - INFO - Progress: 90%
2025-04-25 19:52:49,776 - INFO - Hidden data size: 444 bytes
2025-04-25 19:52:49,776 - INFO - Total output size: 570 bytes
2025-04-25 19:52:49,836 - INFO - GIF size: 570 bytes
2025-04-25 19:52:49,836 - INFO - Progress: 10%
2025-04-25 19:52:49,836 - INFO - Remaining data size after GIF trailer: 448 bytes
2025-04-25 19:52:49,836 - INFO - Parsed hidden data length: 444 bytes, Available: 444 bytes
2025-04-25 19:55:05,349 - INFO - GIF part size: 421 bytes
2025-04-25 19:55:05,350 - INFO - Progress: 90%
2025-04-25 19:55:05,350 - INFO - Hidden data size: 444 bytes
2025-04-25 19:55:05,351 - INFO - Total output size: 869 bytes
2025-04-25 19:55:05,368 - ERROR - Error in GIF test: GIFSteganographyLogic.extract_data() takes 5 positional arguments but 6 were given
2025-04-25 19:55:05,446 - INFO - GIF part size: 421 bytes
2025-04-25 19:55:05,446 - INFO - Progress: 90%
2025-04-25 19:55:05,446 - INFO - Hidden data size: 444 bytes
2025-04-25 19:55:05,446 - INFO - Total output size: 869 bytes
2025-04-25 19:55:05,448 - ERROR - Error in GIF password test: GIFSteganographyLogic.extract_data() takes 5 positional arguments but 6 were given
2025-04-25 19:55:05,502 - INFO - Progress: 0%
2025-04-25 19:55:05,502 - ERROR - Error in image test: Embedding failed: can't concat str to bytes
2025-04-25 19:55:05,521 - INFO - Progress: 0%
2025-04-25 19:55:05,521 - ERROR - Error in image password test: Embedding failed: can't concat str to bytes
2025-04-25 19:55:05,616 - INFO - GIF part size: 122 bytes
2025-04-25 19:55:05,616 - INFO - Progress: 90%
2025-04-25 19:55:05,616 - INFO - Hidden data size: 444 bytes
2025-04-25 19:55:05,616 - INFO - Total output size: 570 bytes
2025-04-25 19:55:05,675 - INFO - GIF size: 570 bytes
2025-04-25 19:55:05,676 - INFO - Progress: 10%
2025-04-25 19:55:05,676 - INFO - Remaining data size after GIF trailer: 448 bytes
2025-04-25 19:55:05,676 - INFO - Parsed hidden data length: 444 bytes, Available: 444 bytes
2025-04-25 19:55:05,676 - INFO - Extracted HMAC: 9b88c1dac8a4fc7eff49a177f4aecbff8c34fb40e34bfbf607b4ae0660d51c40
2025-04-25 19:55:05,676 - INFO - Computed HMAC: 9b88c1dac8a4fc7eff49a177f4aecbff8c34fb40e34bfbf607b4ae0660d51c40
2025-04-25 19:55:05,676 - INFO - Progress: 50%
2025-04-25 19:55:05,676 - INFO - Progress: 100%
2025-04-25 19:55:05,698 - INFO - Progress: 0%
2025-04-25 19:55:05,698 - ERROR - Password validation test failed: Embedding failed: can't concat str to bytes
2025-04-25 19:58:31,735 - INFO - GIF part size: 421 bytes
2025-04-25 19:58:31,736 - INFO - Progress: 90%
2025-04-25 19:58:31,737 - INFO - Hidden data size: 444 bytes
2025-04-25 19:58:31,737 - INFO - Total output size: 869 bytes
2025-04-25 19:58:31,765 - INFO - GIF size: 869 bytes
2025-04-25 19:58:31,765 - INFO - Progress: 10%
2025-04-25 19:58:31,765 - INFO - Remaining data size after GIF trailer: 21 bytes
2025-04-25 19:58:31,765 - INFO - Parsed hidden data length: 1619574 bytes, Available: 17 bytes
2025-04-25 19:58:31,765 - ERROR - Failed to split GIF data: Hidden data length (1619574 bytes) exceeds available data (17 bytes). File may be corrupted or not properly embedded.
2025-04-25 19:58:31,765 - ERROR - Error in GIF test: Hidden data length (1619574 bytes) exceeds available data (17 bytes). File may be corrupted or not properly embedded.
2025-04-25 19:58:31,844 - INFO - GIF part size: 421 bytes
2025-04-25 19:58:31,845 - INFO - Progress: 90%
2025-04-25 19:58:31,845 - INFO - Hidden data size: 444 bytes
2025-04-25 19:58:31,845 - INFO - Total output size: 869 bytes
2025-04-25 19:58:31,904 - INFO - GIF size: 869 bytes
2025-04-25 19:58:31,904 - INFO - Progress: 10%
2025-04-25 19:58:31,904 - INFO - Remaining data size after GIF trailer: 448 bytes
2025-04-25 19:58:31,904 - INFO - Parsed hidden data length: 444 bytes, Available: 444 bytes
2025-04-25 19:58:31,904 - INFO - Extracted file count: 1
2025-04-25 19:58:31,906 - INFO - Progress: 75%
2025-04-25 19:58:31,906 - INFO - Progress: 100%
2025-04-25 19:58:31,963 - INFO - Progress: 0%
2025-04-25 19:58:31,964 - INFO - Progress: 40%
2025-04-25 19:58:31,965 - INFO - Progress: 50%
2025-04-25 19:58:32,059 - INFO - Progress: 80%
2025-04-25 19:58:32,094 - INFO - Progress: 90%
2025-04-25 19:58:32,111 - INFO - Progress: 100%
2025-04-25 19:58:32,112 - INFO - Progress: 0%
2025-04-25 19:58:32,148 - INFO - Progress: 6%
2025-04-25 19:58:32,185 - INFO - Progress: 12%
2025-04-25 19:58:32,221 - INFO - Progress: 18%
2025-04-25 19:58:32,262 - INFO - Progress: 25%
2025-04-25 19:58:32,495 - INFO - Progress: 30%
2025-04-25 19:58:32,495 - INFO - Progress: 40%
2025-04-25 19:58:32,495 - INFO - Progress: 50%
2025-04-25 19:58:32,497 - INFO - Progress: 100%
2025-04-25 19:58:32,517 - INFO - Progress: 0%
2025-04-25 19:58:32,517 - INFO - Progress: 40%
2025-04-25 19:58:32,518 - INFO - Progress: 50%
2025-04-25 19:58:32,612 - INFO - Progress: 80%
2025-04-25 19:58:32,649 - INFO - Progress: 90%
2025-04-25 19:58:32,666 - INFO - Progress: 100%
2025-04-25 19:58:32,666 - INFO - Progress: 0%
2025-04-25 19:58:32,701 - INFO - Progress: 6%
2025-04-25 19:58:32,739 - INFO - Progress: 12%
2025-04-25 19:58:32,781 - INFO - Progress: 18%
2025-04-25 19:58:32,821 - INFO - Progress: 25%
2025-04-25 19:58:33,060 - INFO - Progress: 30%
2025-04-25 19:58:33,061 - INFO - Progress: 40%
2025-04-25 19:58:33,061 - INFO - Progress: 50%
2025-04-25 19:58:33,063 - INFO - Progress: 100%
2025-04-25 19:58:33,160 - INFO - GIF part size: 122 bytes
2025-04-25 19:58:33,160 - INFO - Progress: 90%
2025-04-25 19:58:33,161 - INFO - Hidden data size: 444 bytes
2025-04-25 19:58:33,161 - INFO - Total output size: 570 bytes
2025-04-25 19:58:33,218 - INFO - GIF size: 570 bytes
2025-04-25 19:58:33,218 - INFO - Progress: 10%
2025-04-25 19:58:33,219 - INFO - Remaining data size after GIF trailer: 448 bytes
2025-04-25 19:58:33,219 - INFO - Parsed hidden data length: 444 bytes, Available: 444 bytes
2025-04-25 19:58:33,219 - INFO - Extracted HMAC: 153a7ee1d229b8af09f5a60f4458f5b38634e22e23fd546361a0dc641f3733af
2025-04-25 19:58:33,219 - INFO - Computed HMAC: 153a7ee1d229b8af09f5a60f4458f5b38634e22e23fd546361a0dc641f3733af
2025-04-25 19:58:33,219 - INFO - Progress: 50%
2025-04-25 19:58:33,219 - INFO - Progress: 100%
2025-04-25 19:58:33,239 - INFO - Progress: 0%
2025-04-25 19:58:33,240 - INFO - Progress: 40%
2025-04-25 19:58:33,241 - INFO - Progress: 50%
2025-04-25 19:58:33,334 - INFO - Progress: 80%
2025-04-25 19:58:33,369 - INFO - Progress: 90%
2025-04-25 19:58:33,386 - INFO - Progress: 100%
2025-04-25 19:58:33,386 - INFO - Progress: 0%
2025-04-25 19:58:33,422 - INFO - Progress: 6%
2025-04-25 19:58:33,460 - INFO - Progress: 12%
2025-04-25 19:58:33,496 - INFO - Progress: 18%
2025-04-25 19:58:33,534 - INFO - Progress: 25%
2025-04-25 19:58:33,767 - INFO - Progress: 30%
2025-04-25 19:58:33,767 - INFO - Progress: 40%
2025-04-25 19:58:33,767 - ERROR - Extraction failed: Invalid password
2025-04-25 19:58:33,827 - INFO - GIF part size: 122 bytes
2025-04-25 19:58:33,827 - INFO - Progress: 90%
2025-04-25 19:58:33,828 - INFO - Hidden data size: 444 bytes
2025-04-25 19:58:33,828 - INFO - Total output size: 570 bytes
2025-04-25 19:58:33,886 - INFO - GIF size: 570 bytes
2025-04-25 19:58:33,886 - INFO - Progress: 10%
2025-04-25 19:58:33,886 - INFO - Remaining data size after GIF trailer: 4 bytes
2025-04-25 19:58:33,886 - INFO - Parsed hidden data length: 3331442481 bytes, Available: 0 bytes
2025-04-25 19:58:33,886 - ERROR - Failed to split GIF data: Hidden data length (3331442481 bytes) exceeds maximum allowed (104857600 bytes). Possible data corruption or incorrect file.
2025-04-25 20:00:15,269 - INFO - Progress: 40%
2025-04-25 20:00:15,270 - INFO - Progress: 100%
2025-04-25 20:00:15,300 - INFO - GIF size: 1941 bytes
2025-04-25 20:00:15,300 - INFO - Progress: 10%
2025-04-25 20:00:15,300 - INFO - Remaining data size after GIF trailer: 1520 bytes
2025-04-25 20:00:15,300 - INFO - Parsed hidden data length: 1516 bytes, Available: 1516 bytes
2025-04-25 20:00:15,300 - ERROR - Failed to split GIF data: Hidden data does not start with magic marker
2025-04-25 20:00:15,300 - ERROR - Error in GIF test: Hidden data does not start with magic marker
2025-04-25 20:00:15,351 - INFO - Progress: 40%
2025-04-25 20:00:15,351 - INFO - Progress: 100%
2025-04-25 20:00:15,410 - INFO - GIF size: 2177 bytes
2025-04-25 20:00:15,410 - INFO - Progress: 10%
2025-04-25 20:00:15,410 - INFO - Remaining data size after GIF trailer: 1756 bytes
2025-04-25 20:00:15,410 - INFO - Parsed hidden data length: 1752 bytes, Available: 1752 bytes
2025-04-25 20:00:15,410 - ERROR - Failed to split GIF data: Hidden data does not start with magic marker
2025-04-25 20:00:15,410 - ERROR - Error in GIF password test: Hidden data does not start with magic marker
2025-04-25 20:00:15,473 - INFO - Progress: 0%
2025-04-25 20:00:15,473 - INFO - Progress: 40%
2025-04-25 20:00:15,474 - INFO - Progress: 50%
2025-04-25 20:00:15,567 - INFO - Progress: 80%
2025-04-25 20:00:15,603 - INFO - Progress: 90%
2025-04-25 20:00:15,619 - INFO - Progress: 100%
2025-04-25 20:00:15,620 - INFO - Progress: 0%
2025-04-25 20:00:15,656 - INFO - Progress: 6%
2025-04-25 20:00:15,693 - INFO - Progress: 12%
2025-04-25 20:00:15,728 - INFO - Progress: 18%
2025-04-25 20:00:15,768 - INFO - Progress: 25%
2025-04-25 20:00:16,002 - INFO - Progress: 30%
2025-04-25 20:00:16,002 - INFO - Progress: 40%
2025-04-25 20:00:16,002 - INFO - Progress: 50%
2025-04-25 20:00:16,004 - INFO - Progress: 100%
2025-04-25 20:00:16,023 - INFO - Progress: 0%
2025-04-25 20:00:16,024 - INFO - Progress: 40%
2025-04-25 20:00:16,024 - INFO - Progress: 50%
2025-04-25 20:00:16,119 - INFO - Progress: 80%
2025-04-25 20:00:16,154 - INFO - Progress: 90%
2025-04-25 20:00:16,171 - INFO - Progress: 100%
2025-04-25 20:00:16,171 - INFO - Progress: 0%
2025-04-25 20:00:16,208 - INFO - Progress: 6%
2025-04-25 20:00:16,247 - INFO - Progress: 12%
2025-04-25 20:00:16,284 - INFO - Progress: 18%
2025-04-25 20:00:16,322 - INFO - Progress: 25%
2025-04-25 20:00:16,562 - INFO - Progress: 30%
2025-04-25 20:00:16,563 - INFO - Progress: 40%
2025-04-25 20:00:16,563 - INFO - Progress: 50%
2025-04-25 20:00:16,565 - INFO - Progress: 100%
2025-04-25 20:00:16,636 - INFO - Progress: 40%
2025-04-25 20:00:16,636 - INFO - Progress: 100%
2025-04-25 20:00:16,699 - INFO - GIF size: 1878 bytes
2025-04-25 20:00:16,699 - INFO - Progress: 10%
2025-04-25 20:00:16,699 - INFO - Remaining data size after GIF trailer: 1756 bytes
2025-04-25 20:00:16,699 - INFO - Parsed hidden data length: 1752 bytes, Available: 1752 bytes
2025-04-25 20:00:16,699 - ERROR - Metadata handling test failed: Hidden data does not start with magic marker
2025-04-25 20:00:16,718 - INFO - Progress: 0%
2025-04-25 20:00:16,718 - INFO - Progress: 40%
2025-04-25 20:00:16,719 - INFO - Progress: 50%
2025-04-25 20:00:16,815 - INFO - Progress: 80%
2025-04-25 20:00:16,851 - INFO - Progress: 90%
2025-04-25 20:00:16,868 - INFO - Progress: 100%
2025-04-25 20:00:16,869 - INFO - Progress: 0%
2025-04-25 20:00:16,904 - INFO - Progress: 6%
2025-04-25 20:00:16,941 - INFO - Progress: 12%
2025-04-25 20:00:16,977 - INFO - Progress: 18%
2025-04-25 20:00:17,016 - INFO - Progress: 25%
2025-04-25 20:00:17,254 - INFO - Progress: 30%
2025-04-25 20:00:17,254 - INFO - Progress: 40%
2025-04-25 20:00:17,254 - ERROR - Extraction failed: Invalid password
2025-04-25 20:00:17,284 - INFO - Progress: 40%
2025-04-25 20:00:17,284 - INFO - Progress: 100%
2025-04-25 20:00:17,347 - INFO - GIF size: 1878 bytes
2025-04-25 20:00:17,347 - INFO - Progress: 10%
2025-04-25 20:00:17,347 - INFO - Remaining data size after GIF trailer: 1756 bytes
2025-04-25 20:00:17,347 - INFO - Parsed hidden data length: 1752 bytes, Available: 1752 bytes
2025-04-25 20:00:17,347 - ERROR - Failed to split GIF data: Hidden data does not start with magic marker
2025-04-25 20:01:59,723 - INFO - Progress: 40%
2025-04-25 20:01:59,724 - INFO - Progress: 100%
2025-04-25 20:01:59,754 - INFO - Remaining data size after GIF trailer: 21 bytes
2025-04-25 20:01:59,754 - INFO - Parsed hidden data length: 2785682749 bytes, Available: 17 bytes
2025-04-25 20:01:59,754 - ERROR - GIF extraction failed: Hidden data length (2785682749 bytes) exceeds maximum allowed (104857600 bytes)
2025-04-25 20:01:59,754 - ERROR - Error in GIF test: Extraction failed: Hidden data length (2785682749 bytes) exceeds maximum allowed (104857600 bytes)
2025-04-25 20:01:59,806 - INFO - Progress: 40%
2025-04-25 20:01:59,834 - INFO - Progress: 100%
2025-04-25 20:01:59,865 - INFO - Remaining data size after GIF trailer: 332 bytes
2025-04-25 20:01:59,865 - INFO - Parsed hidden data length: 328 bytes, Available: 328 bytes
2025-04-25 20:01:59,896 - INFO - Progress: 90%
2025-04-25 20:01:59,896 - INFO - Progress: 100%
2025-04-25 20:01:59,951 - INFO - Progress: 0%
2025-04-25 20:01:59,952 - INFO - Progress: 40%
2025-04-25 20:01:59,953 - INFO - Progress: 50%
2025-04-25 20:02:00,048 - INFO - Progress: 80%
2025-04-25 20:02:00,084 - INFO - Progress: 90%
2025-04-25 20:02:00,101 - INFO - Progress: 100%
2025-04-25 20:02:00,101 - INFO - Progress: 0%
2025-04-25 20:02:00,138 - INFO - Progress: 6%
2025-04-25 20:02:00,176 - INFO - Progress: 12%
2025-04-25 20:02:00,214 - INFO - Progress: 18%
2025-04-25 20:02:00,253 - INFO - Progress: 25%
2025-04-25 20:02:00,497 - INFO - Progress: 30%
2025-04-25 20:02:00,498 - INFO - Progress: 40%
2025-04-25 20:02:00,498 - INFO - Progress: 50%
2025-04-25 20:02:00,500 - INFO - Progress: 100%
2025-04-25 20:02:00,519 - INFO - Progress: 0%
2025-04-25 20:02:00,519 - INFO - Progress: 40%
2025-04-25 20:02:00,520 - INFO - Progress: 50%
2025-04-25 20:02:00,611 - INFO - Progress: 80%
2025-04-25 20:02:00,647 - INFO - Progress: 90%
2025-04-25 20:02:00,664 - INFO - Progress: 100%
2025-04-25 20:02:00,664 - INFO - Progress: 0%
2025-04-25 20:02:00,713 - INFO - Progress: 6%
2025-04-25 20:02:00,754 - INFO - Progress: 12%
2025-04-25 20:02:00,795 - INFO - Progress: 18%
2025-04-25 20:02:00,837 - INFO - Progress: 25%
2025-04-25 20:02:01,074 - INFO - Progress: 30%
2025-04-25 20:02:01,074 - INFO - Progress: 40%
2025-04-25 20:02:01,074 - INFO - Progress: 50%
2025-04-25 20:02:01,076 - INFO - Progress: 100%
2025-04-25 20:02:01,145 - INFO - Progress: 40%
2025-04-25 20:02:01,174 - INFO - Progress: 100%
2025-04-25 20:02:01,205 - INFO - Remaining data size after GIF trailer: 332 bytes
2025-04-25 20:02:01,205 - INFO - Parsed hidden data length: 328 bytes, Available: 328 bytes
2025-04-25 20:02:01,224 - INFO - Progress: 0%
2025-04-25 20:02:01,224 - INFO - Progress: 40%
2025-04-25 20:02:01,225 - INFO - Progress: 50%
2025-04-25 20:02:01,320 - INFO - Progress: 80%
2025-04-25 20:02:01,357 - INFO - Progress: 90%
2025-04-25 20:02:01,374 - INFO - Progress: 100%
2025-04-25 20:02:01,375 - INFO - Progress: 0%
2025-04-25 20:02:01,412 - INFO - Progress: 6%
2025-04-25 20:02:01,450 - INFO - Progress: 12%
2025-04-25 20:02:01,485 - INFO - Progress: 18%
2025-04-25 20:02:01,524 - INFO - Progress: 25%
2025-04-25 20:02:01,764 - INFO - Progress: 30%
2025-04-25 20:02:01,764 - INFO - Progress: 40%
2025-04-25 20:02:01,765 - ERROR - Extraction failed: Invalid password
2025-04-25 20:02:01,796 - INFO - Progress: 40%
2025-04-25 20:02:01,825 - INFO - Progress: 100%
2025-04-25 20:02:01,856 - INFO - Remaining data size after GIF trailer: 332 bytes
2025-04-25 20:02:01,856 - INFO - Parsed hidden data length: 328 bytes, Available: 328 bytes
2025-04-25 20:02:01,884 - ERROR - GIF extraction failed: Invalid password
2025-04-25 20:03:19,179 - ERROR - Error in embed_data: 'GIFSteganographyLogic' object has no attribute 'prepare_data_to_embed'
2025-04-25 20:03:19,179 - ERROR - Error in GIF test: Embedding failed: 'GIFSteganographyLogic' object has no attribute 'prepare_data_to_embed'
2025-04-25 20:03:19,212 - ERROR - Error in embed_data: 'GIFSteganographyLogic' object has no attribute 'prepare_data_to_embed'
2025-04-25 20:03:19,212 - ERROR - Error in GIF password test: Embedding failed: 'GIFSteganographyLogic' object has no attribute 'prepare_data_to_embed'
2025-04-25 20:03:19,272 - INFO - Progress: 0%
2025-04-25 20:03:19,273 - INFO - Progress: 40%
2025-04-25 20:03:19,274 - INFO - Progress: 50%
2025-04-25 20:03:19,372 - INFO - Progress: 80%
2025-04-25 20:03:19,407 - INFO - Progress: 90%
2025-04-25 20:03:19,424 - INFO - Progress: 100%
2025-04-25 20:03:19,425 - INFO - Progress: 0%
2025-04-25 20:03:19,462 - INFO - Progress: 6%
2025-04-25 20:03:19,499 - INFO - Progress: 12%
2025-04-25 20:03:19,535 - INFO - Progress: 18%
2025-04-25 20:03:19,574 - INFO - Progress: 25%
2025-04-25 20:03:19,806 - INFO - Progress: 30%
2025-04-25 20:03:19,806 - INFO - Progress: 40%
2025-04-25 20:03:19,806 - INFO - Progress: 50%
2025-04-25 20:03:19,809 - INFO - Progress: 100%
2025-04-25 20:03:19,829 - INFO - Progress: 0%
2025-04-25 20:03:19,830 - INFO - Progress: 40%
2025-04-25 20:03:19,830 - INFO - Progress: 50%
2025-04-25 20:03:19,924 - INFO - Progress: 80%
2025-04-25 20:03:19,959 - INFO - Progress: 90%
2025-04-25 20:03:19,975 - INFO - Progress: 100%
2025-04-25 20:03:19,975 - INFO - Progress: 0%
2025-04-25 20:03:20,013 - INFO - Progress: 6%
2025-04-25 20:03:20,051 - INFO - Progress: 12%
2025-04-25 20:03:20,087 - INFO - Progress: 18%
2025-04-25 20:03:20,125 - INFO - Progress: 25%
2025-04-25 20:03:20,360 - INFO - Progress: 30%
2025-04-25 20:03:20,361 - INFO - Progress: 40%
2025-04-25 20:03:20,361 - INFO - Progress: 50%
2025-04-25 20:03:20,362 - INFO - Progress: 100%
2025-04-25 20:03:20,402 - ERROR - Error in embed_data: 'GIFSteganographyLogic' object has no attribute 'prepare_data_to_embed'
2025-04-25 20:03:20,402 - ERROR - Metadata handling test failed: Embedding failed: 'GIFSteganographyLogic' object has no attribute 'prepare_data_to_embed'
2025-04-25 20:03:20,422 - INFO - Progress: 0%
2025-04-25 20:03:20,422 - INFO - Progress: 40%
2025-04-25 20:03:20,423 - INFO - Progress: 50%
2025-04-25 20:03:20,517 - INFO - Progress: 80%
2025-04-25 20:03:20,552 - INFO - Progress: 90%
2025-04-25 20:03:20,570 - INFO - Progress: 100%
2025-04-25 20:03:20,570 - INFO - Progress: 0%
2025-04-25 20:03:20,606 - INFO - Progress: 6%
2025-04-25 20:03:20,644 - INFO - Progress: 12%
2025-04-25 20:03:20,680 - INFO - Progress: 18%
2025-04-25 20:03:20,718 - INFO - Progress: 25%
2025-04-25 20:03:20,955 - INFO - Progress: 30%
2025-04-25 20:03:20,955 - INFO - Progress: 40%
2025-04-25 20:03:20,955 - ERROR - Extraction failed: Invalid password
2025-04-25 20:03:20,957 - ERROR - Error in embed_data: 'GIFSteganographyLogic' object has no attribute 'prepare_data_to_embed'
2025-04-25 20:03:20,957 - ERROR - Password validation test failed: Embedding failed: 'GIFSteganographyLogic' object has no attribute 'prepare_data_to_embed'
2025-04-25 20:04:48,788 - INFO - Progress: 100%
2025-04-25 20:04:48,789 - ERROR - Error in GIF test: a bytes-like object is required, not 'bool'
2025-04-25 20:04:48,840 - ERROR - Error in embed_data: [Errno 2] No such file or directory: 'XAhHHCb5+45DbF/tJLz/ac5WeE4QhhOGe4fdTgM1DeY='
2025-04-25 20:04:48,841 - ERROR - Error in GIF password test: Embedding failed: [Errno 2] No such file or directory: 'XAhHHCb5+45DbF/tJLz/ac5WeE4QhhOGe4fdTgM1DeY='
2025-04-25 20:04:48,899 - INFO - Progress: 0%
2025-04-25 20:04:48,899 - INFO - Progress: 40%
2025-04-25 20:04:48,900 - INFO - Progress: 50%
2025-04-25 20:04:48,997 - INFO - Progress: 80%
2025-04-25 20:04:49,033 - INFO - Progress: 90%
2025-04-25 20:04:49,050 - INFO - Progress: 100%
2025-04-25 20:04:49,050 - INFO - Progress: 0%
2025-04-25 20:04:49,087 - INFO - Progress: 6%
2025-04-25 20:04:49,125 - INFO - Progress: 12%
2025-04-25 20:04:49,161 - INFO - Progress: 18%
2025-04-25 20:04:49,200 - INFO - Progress: 25%
2025-04-25 20:04:49,440 - INFO - Progress: 30%
2025-04-25 20:04:49,441 - INFO - Progress: 40%
2025-04-25 20:04:49,441 - INFO - Progress: 50%
2025-04-25 20:04:49,443 - INFO - Progress: 100%
2025-04-25 20:04:49,462 - INFO - Progress: 0%
2025-04-25 20:04:49,463 - INFO - Progress: 40%
2025-04-25 20:04:49,464 - INFO - Progress: 50%
2025-04-25 20:04:49,560 - INFO - Progress: 80%
2025-04-25 20:04:49,595 - INFO - Progress: 90%
2025-04-25 20:04:49,612 - INFO - Progress: 100%
2025-04-25 20:04:49,613 - INFO - Progress: 0%
2025-04-25 20:04:49,650 - INFO - Progress: 6%
2025-04-25 20:04:49,687 - INFO - Progress: 12%
2025-04-25 20:04:49,725 - INFO - Progress: 18%
2025-04-25 20:04:49,764 - INFO - Progress: 25%
2025-04-25 20:04:50,004 - INFO - Progress: 30%
2025-04-25 20:04:50,004 - INFO - Progress: 40%
2025-04-25 20:04:50,004 - INFO - Progress: 50%
2025-04-25 20:04:50,006 - INFO - Progress: 100%
2025-04-25 20:04:50,081 - INFO - Progress: 100%
2025-04-25 20:04:50,082 - ERROR - Metadata handling test failed: a bytes-like object is required, not 'bool'
2025-04-25 20:04:50,101 - INFO - Progress: 0%
2025-04-25 20:04:50,101 - INFO - Progress: 40%
2025-04-25 20:04:50,102 - INFO - Progress: 50%
2025-04-25 20:04:50,194 - INFO - Progress: 80%
2025-04-25 20:04:50,230 - INFO - Progress: 90%
2025-04-25 20:04:50,248 - INFO - Progress: 100%
2025-04-25 20:04:50,248 - INFO - Progress: 0%
2025-04-25 20:04:50,286 - INFO - Progress: 6%
2025-04-25 20:04:50,324 - INFO - Progress: 12%
2025-04-25 20:04:50,361 - INFO - Progress: 18%
2025-04-25 20:04:50,400 - INFO - Progress: 25%
2025-04-25 20:04:50,641 - INFO - Progress: 30%
2025-04-25 20:04:50,641 - INFO - Progress: 40%
2025-04-25 20:04:50,641 - ERROR - Extraction failed: Invalid password
2025-04-25 20:04:50,673 - ERROR - Error in embed_data: [Errno 2] No such file or directory: '5K+juk9eJlTQu8VFvfy4g7uDJpxrN0iM/JmR2gKQMjE='
2025-04-25 20:04:50,673 - ERROR - Password validation test failed: Embedding failed: [Errno 2] No such file or directory: '5K+juk9eJlTQu8VFvfy4g7uDJpxrN0iM/JmR2gKQMjE='
2025-04-25 20:08:04,322 - INFO - Progress: 100%
2025-04-25 20:08:04,352 - ERROR - Error in split_gif_data: Invalid hidden data: Missing magic marker
2025-04-25 20:08:04,352 - ERROR - GIF extraction failed: Failed to split GIF data: Invalid hidden data: Missing magic marker
2025-04-25 20:08:04,352 - ERROR - Error in GIF test: Extraction failed: Failed to split GIF data: Invalid hidden data: Missing magic marker
2025-04-25 20:08:04,405 - INFO - Progress: 100%
2025-04-25 20:08:04,435 - ERROR - Error in split_gif_data: Invalid hidden data: Missing magic marker
2025-04-25 20:08:04,435 - ERROR - GIF extraction failed: Failed to split GIF data: Invalid hidden data: Missing magic marker
2025-04-25 20:08:04,435 - ERROR - Error in GIF password test: Extraction failed: Failed to split GIF data: Invalid hidden data: Missing magic marker
2025-04-25 20:08:04,496 - INFO - Progress: 0%
2025-04-25 20:08:04,496 - INFO - Progress: 40%
2025-04-25 20:08:04,497 - INFO - Progress: 50%
2025-04-25 20:08:04,591 - INFO - Progress: 80%
2025-04-25 20:08:04,625 - INFO - Progress: 90%
2025-04-25 20:08:04,642 - INFO - Progress: 100%
2025-04-25 20:08:04,642 - INFO - Progress: 0%
2025-04-25 20:08:04,682 - INFO - Progress: 6%
2025-04-25 20:08:04,719 - INFO - Progress: 12%
2025-04-25 20:08:04,756 - INFO - Progress: 18%
2025-04-25 20:08:04,794 - INFO - Progress: 25%
2025-04-25 20:08:05,030 - INFO - Progress: 30%
2025-04-25 20:08:05,031 - INFO - Progress: 40%
2025-04-25 20:08:05,031 - INFO - Progress: 50%
2025-04-25 20:08:05,033 - INFO - Progress: 100%
2025-04-25 20:08:05,053 - INFO - Progress: 0%
2025-04-25 20:08:05,053 - INFO - Progress: 40%
2025-04-25 20:08:05,054 - INFO - Progress: 50%
2025-04-25 20:08:05,150 - INFO - Progress: 80%
2025-04-25 20:08:05,184 - INFO - Progress: 90%
2025-04-25 20:08:05,202 - INFO - Progress: 100%
2025-04-25 20:08:05,202 - INFO - Progress: 0%
2025-04-25 20:08:05,238 - INFO - Progress: 6%
2025-04-25 20:08:05,276 - INFO - Progress: 12%
2025-04-25 20:08:05,313 - INFO - Progress: 18%
2025-04-25 20:08:05,353 - INFO - Progress: 25%
2025-04-25 20:08:05,592 - INFO - Progress: 30%
2025-04-25 20:08:05,593 - INFO - Progress: 40%
2025-04-25 20:08:05,593 - INFO - Progress: 50%
2025-04-25 20:08:05,595 - INFO - Progress: 100%
2025-04-25 20:08:05,668 - INFO - Progress: 100%
2025-04-25 20:08:05,701 - ERROR - Error in split_gif_data: Invalid hidden data: Missing magic marker
2025-04-25 20:08:05,701 - ERROR - Metadata viewing failed: Failed to split GIF data: Invalid hidden data: Missing magic marker
2025-04-25 20:08:05,701 - ERROR - Metadata handling test failed: 'author' != 'Test Author'
- author
+ Test Author

2025-04-25 20:08:05,723 - INFO - Progress: 0%
2025-04-25 20:08:05,724 - INFO - Progress: 40%
2025-04-25 20:08:05,725 - INFO - Progress: 50%
2025-04-25 20:08:05,822 - INFO - Progress: 80%
2025-04-25 20:08:05,857 - INFO - Progress: 90%
2025-04-25 20:08:05,873 - INFO - Progress: 100%
2025-04-25 20:08:05,874 - INFO - Progress: 0%
2025-04-25 20:08:05,911 - INFO - Progress: 6%
2025-04-25 20:08:05,948 - INFO - Progress: 12%
2025-04-25 20:08:05,984 - INFO - Progress: 18%
2025-04-25 20:08:06,022 - INFO - Progress: 25%
2025-04-25 20:08:06,262 - INFO - Progress: 30%
2025-04-25 20:08:06,262 - INFO - Progress: 40%
2025-04-25 20:08:06,262 - ERROR - Extraction failed: Invalid password
2025-04-25 20:08:06,296 - INFO - Progress: 100%
2025-04-25 20:08:06,326 - ERROR - Error in split_gif_data: Invalid hidden data: Missing magic marker
2025-04-25 20:08:06,326 - ERROR - GIF extraction failed: Failed to split GIF data: Invalid hidden data: Missing magic marker
2025-04-25 20:10:07,536 - INFO - Progress: 100%
2025-04-25 20:10:07,565 - ERROR - GIF extraction failed: Invalid data format: missing magic marker
2025-04-25 20:10:07,565 - ERROR - Error in GIF test: Extraction failed: Invalid data format: missing magic marker
2025-04-25 20:10:07,588 - INFO - Progress: 100%
2025-04-25 20:10:07,618 - ERROR - GIF extraction failed: Invalid data format: missing magic marker
2025-04-25 20:10:07,618 - ERROR - Error in GIF password test: Extraction failed: Invalid data format: missing magic marker
2025-04-25 20:10:07,737 - INFO - Progress: 0%
2025-04-25 20:10:07,737 - INFO - Progress: 40%
2025-04-25 20:10:07,739 - INFO - Progress: 50%
2025-04-25 20:10:07,833 - INFO - Progress: 80%
2025-04-25 20:10:07,868 - INFO - Progress: 90%
2025-04-25 20:10:07,884 - INFO - Progress: 100%
2025-04-25 20:10:07,885 - INFO - Progress: 0%
2025-04-25 20:10:07,921 - INFO - Progress: 6%
2025-04-25 20:10:07,958 - INFO - Progress: 12%
2025-04-25 20:10:07,993 - INFO - Progress: 18%
2025-04-25 20:10:08,032 - INFO - Progress: 25%
2025-04-25 20:10:08,276 - INFO - Progress: 30%
2025-04-25 20:10:08,276 - INFO - Progress: 40%
2025-04-25 20:10:08,276 - INFO - Progress: 50%
2025-04-25 20:10:08,278 - INFO - Progress: 100%
2025-04-25 20:10:08,299 - INFO - Progress: 0%
2025-04-25 20:10:08,299 - INFO - Progress: 40%
2025-04-25 20:10:08,300 - INFO - Progress: 50%
2025-04-25 20:10:08,397 - INFO - Progress: 80%
2025-04-25 20:10:08,434 - INFO - Progress: 90%
2025-04-25 20:10:08,450 - INFO - Progress: 100%
2025-04-25 20:10:08,450 - INFO - Progress: 0%
2025-04-25 20:10:08,487 - INFO - Progress: 6%
2025-04-25 20:10:08,525 - INFO - Progress: 12%
2025-04-25 20:10:08,561 - INFO - Progress: 18%
2025-04-25 20:10:08,599 - INFO - Progress: 25%
2025-04-25 20:10:08,838 - INFO - Progress: 30%
2025-04-25 20:10:08,839 - INFO - Progress: 40%
2025-04-25 20:10:08,839 - INFO - Progress: 50%
2025-04-25 20:10:08,841 - INFO - Progress: 100%
2025-04-25 20:10:08,884 - INFO - Progress: 100%
2025-04-25 20:10:08,915 - ERROR - Metadata viewing failed: Invalid data format: missing magic marker
2025-04-25 20:10:08,915 - ERROR - Metadata handling test failed: 'author' != 'Test Author'
- author
+ Test Author

2025-04-25 20:10:08,935 - INFO - Progress: 0%
2025-04-25 20:10:08,935 - INFO - Progress: 40%
2025-04-25 20:10:08,936 - INFO - Progress: 50%
2025-04-25 20:10:09,030 - INFO - Progress: 80%
2025-04-25 20:10:09,065 - INFO - Progress: 90%
2025-04-25 20:10:09,082 - INFO - Progress: 100%
2025-04-25 20:10:09,082 - INFO - Progress: 0%
2025-04-25 20:10:09,119 - INFO - Progress: 6%
2025-04-25 20:10:09,157 - INFO - Progress: 12%
2025-04-25 20:10:09,192 - INFO - Progress: 18%
2025-04-25 20:10:09,231 - INFO - Progress: 25%
2025-04-25 20:10:09,465 - INFO - Progress: 30%
2025-04-25 20:10:09,466 - INFO - Progress: 40%
2025-04-25 20:10:09,466 - ERROR - Extraction failed: Invalid password
2025-04-25 20:10:09,471 - INFO - Progress: 100%
2025-04-25 20:10:09,503 - ERROR - GIF extraction failed: Invalid data format: missing magic marker
2025-04-25 20:11:41,098 - INFO - Progress: 100%
2025-04-25 20:11:41,129 - INFO - Progress: 30%
2025-04-25 20:11:41,130 - INFO - Progress: 100%
2025-04-25 20:11:41,151 - INFO - Progress: 100%
2025-04-25 20:11:41,182 - INFO - Progress: 30%
2025-04-25 20:11:41,183 - INFO - Progress: 100%
2025-04-25 20:11:41,239 - INFO - Progress: 0%
2025-04-25 20:11:41,239 - INFO - Progress: 40%
2025-04-25 20:11:41,240 - INFO - Progress: 50%
2025-04-25 20:11:41,335 - INFO - Progress: 80%
2025-04-25 20:11:41,370 - INFO - Progress: 90%
2025-04-25 20:11:41,386 - INFO - Progress: 100%
2025-04-25 20:11:41,386 - INFO - Progress: 0%
2025-04-25 20:11:41,423 - INFO - Progress: 6%
2025-04-25 20:11:41,461 - INFO - Progress: 12%
2025-04-25 20:11:41,497 - INFO - Progress: 18%
2025-04-25 20:11:41,534 - INFO - Progress: 25%
2025-04-25 20:11:41,773 - INFO - Progress: 30%
2025-04-25 20:11:41,774 - INFO - Progress: 40%
2025-04-25 20:11:41,774 - INFO - Progress: 50%
2025-04-25 20:11:41,775 - INFO - Progress: 100%
2025-04-25 20:11:41,794 - INFO - Progress: 0%
2025-04-25 20:11:41,795 - INFO - Progress: 40%
2025-04-25 20:11:41,796 - INFO - Progress: 50%
2025-04-25 20:11:41,893 - INFO - Progress: 80%
2025-04-25 20:11:41,928 - INFO - Progress: 90%
2025-04-25 20:11:41,944 - INFO - Progress: 100%
2025-04-25 20:11:41,944 - INFO - Progress: 0%
2025-04-25 20:11:41,980 - INFO - Progress: 6%
2025-04-25 20:11:42,018 - INFO - Progress: 12%
2025-04-25 20:11:42,053 - INFO - Progress: 18%
2025-04-25 20:11:42,095 - INFO - Progress: 25%
2025-04-25 20:11:42,331 - INFO - Progress: 30%
2025-04-25 20:11:42,332 - INFO - Progress: 40%
2025-04-25 20:11:42,332 - INFO - Progress: 50%
2025-04-25 20:11:42,333 - INFO - Progress: 100%
2025-04-25 20:11:42,376 - INFO - Progress: 100%
2025-04-25 20:11:42,406 - ERROR - Metadata viewing failed: Invalid data format: missing magic marker
2025-04-25 20:11:42,406 - ERROR - Metadata handling test failed: 'N/A' != 'Test Author'
- N/A
+ Test Author

2025-04-25 20:11:42,426 - INFO - Progress: 0%
2025-04-25 20:11:42,427 - INFO - Progress: 40%
2025-04-25 20:11:42,428 - INFO - Progress: 50%
2025-04-25 20:11:42,520 - INFO - Progress: 80%
2025-04-25 20:11:42,554 - INFO - Progress: 90%
2025-04-25 20:11:42,571 - INFO - Progress: 100%
2025-04-25 20:11:42,571 - INFO - Progress: 0%
2025-04-25 20:11:42,607 - INFO - Progress: 6%
2025-04-25 20:11:42,644 - INFO - Progress: 12%
2025-04-25 20:11:42,680 - INFO - Progress: 18%
2025-04-25 20:11:42,718 - INFO - Progress: 25%
2025-04-25 20:11:42,949 - INFO - Progress: 30%
2025-04-25 20:11:42,950 - INFO - Progress: 40%
2025-04-25 20:11:42,950 - ERROR - Extraction failed: Invalid password
2025-04-25 20:11:42,955 - INFO - Progress: 100%
2025-04-25 20:11:42,987 - ERROR - GIF extraction failed: Invalid password
2025-04-25 20:14:43,254 - INFO - Progress: 100%
2025-04-25 20:14:43,284 - ERROR - GIF extraction failed: Invalid file count: 0
2025-04-25 20:14:43,284 - ERROR - Error in GIF test: Extraction failed: Invalid file count: 0
2025-04-25 20:14:43,337 - INFO - Progress: 100%
2025-04-25 20:14:43,367 - ERROR - GIF extraction failed: Invalid password
2025-04-25 20:14:43,367 - ERROR - Error in GIF password test: Extraction failed: Invalid password
2025-04-25 20:14:43,426 - INFO - Progress: 0%
2025-04-25 20:14:43,426 - INFO - Progress: 40%
2025-04-25 20:14:43,427 - INFO - Progress: 50%
2025-04-25 20:14:43,521 - INFO - Progress: 80%
2025-04-25 20:14:43,556 - INFO - Progress: 90%
2025-04-25 20:14:43,572 - INFO - Progress: 100%
2025-04-25 20:14:43,572 - INFO - Progress: 0%
2025-04-25 20:14:43,609 - INFO - Progress: 6%
2025-04-25 20:14:43,645 - INFO - Progress: 12%
2025-04-25 20:14:43,682 - INFO - Progress: 18%
2025-04-25 20:14:43,719 - INFO - Progress: 25%
2025-04-25 20:14:43,950 - INFO - Progress: 30%
2025-04-25 20:14:43,950 - INFO - Progress: 40%
2025-04-25 20:14:43,950 - INFO - Progress: 50%
2025-04-25 20:14:43,953 - INFO - Progress: 100%
2025-04-25 20:14:43,977 - INFO - Progress: 0%
2025-04-25 20:14:43,977 - INFO - Progress: 40%
2025-04-25 20:14:43,978 - INFO - Progress: 50%
2025-04-25 20:14:44,071 - INFO - Progress: 80%
2025-04-25 20:14:44,106 - INFO - Progress: 90%
2025-04-25 20:14:44,122 - INFO - Progress: 100%
2025-04-25 20:14:44,122 - INFO - Progress: 0%
2025-04-25 20:14:44,160 - INFO - Progress: 6%
2025-04-25 20:14:44,198 - INFO - Progress: 12%
2025-04-25 20:14:44,234 - INFO - Progress: 18%
2025-04-25 20:14:44,276 - INFO - Progress: 25%
2025-04-25 20:14:44,508 - INFO - Progress: 30%
2025-04-25 20:14:44,509 - INFO - Progress: 40%
2025-04-25 20:14:44,509 - INFO - Progress: 50%
2025-04-25 20:14:44,512 - INFO - Progress: 100%
2025-04-25 20:14:44,587 - INFO - Progress: 100%
2025-04-25 20:14:44,618 - ERROR - Metadata viewing failed: Invalid password
2025-04-25 20:14:44,619 - ERROR - Metadata handling test failed: 'N/A' != 'Test Author'
- N/A
+ Test Author

2025-04-25 20:14:44,638 - INFO - Progress: 0%
2025-04-25 20:14:44,638 - INFO - Progress: 40%
2025-04-25 20:14:44,640 - INFO - Progress: 50%
2025-04-25 20:14:44,732 - INFO - Progress: 80%
2025-04-25 20:14:44,769 - INFO - Progress: 90%
2025-04-25 20:14:44,787 - INFO - Progress: 100%
2025-04-25 20:14:44,787 - INFO - Progress: 0%
2025-04-25 20:14:44,826 - INFO - Progress: 6%
2025-04-25 20:14:44,863 - INFO - Progress: 12%
2025-04-25 20:14:44,899 - INFO - Progress: 18%
2025-04-25 20:14:44,939 - INFO - Progress: 25%
2025-04-25 20:14:45,164 - INFO - Progress: 30%
2025-04-25 20:14:45,165 - INFO - Progress: 40%
2025-04-25 20:14:45,165 - ERROR - Extraction failed: Invalid password
2025-04-25 20:14:45,199 - INFO - Progress: 100%
2025-04-25 20:14:45,229 - ERROR - GIF extraction failed: Invalid password
2025-04-25 20:19:10,030 - INFO - Progress: 100%
2025-04-25 20:19:10,060 - ERROR - GIF extraction failed: Invalid file count: 0
2025-04-25 20:19:10,060 - ERROR - Error in GIF test: Extraction failed: Invalid file count: 0
2025-04-25 20:19:10,081 - ERROR - Error in prepare_data_to_embed: 'NoneType' object has no attribute 'encrypt'
2025-04-25 20:19:10,081 - ERROR - Error in embed_data: Failed to prepare data for embedding: 'NoneType' object has no attribute 'encrypt'
2025-04-25 20:19:10,081 - ERROR - Error in GIF password test: Embedding failed: Failed to prepare data for embedding: 'NoneType' object has no attribute 'encrypt'
2025-04-25 20:19:10,137 - INFO - Progress: 0%
2025-04-25 20:19:10,137 - INFO - Progress: 40%
2025-04-25 20:19:10,139 - INFO - Progress: 50%
2025-04-25 20:19:10,232 - INFO - Progress: 80%
2025-04-25 20:19:10,267 - INFO - Progress: 90%
2025-04-25 20:19:10,287 - INFO - Progress: 100%
2025-04-25 20:19:10,287 - INFO - Progress: 0%
2025-04-25 20:19:10,322 - INFO - Progress: 6%
2025-04-25 20:19:10,360 - INFO - Progress: 12%
2025-04-25 20:19:10,395 - INFO - Progress: 18%
2025-04-25 20:19:10,435 - INFO - Progress: 25%
2025-04-25 20:19:10,666 - INFO - Progress: 30%
2025-04-25 20:19:10,667 - INFO - Progress: 40%
2025-04-25 20:19:10,667 - INFO - Progress: 50%
2025-04-25 20:19:10,669 - INFO - Progress: 100%
2025-04-25 20:19:10,688 - INFO - Progress: 0%
2025-04-25 20:19:10,688 - INFO - Progress: 40%
2025-04-25 20:19:10,689 - INFO - Progress: 50%
2025-04-25 20:19:10,782 - INFO - Progress: 80%
2025-04-25 20:19:10,816 - INFO - Progress: 90%
2025-04-25 20:19:10,835 - INFO - Progress: 100%
2025-04-25 20:19:10,835 - INFO - Progress: 0%
2025-04-25 20:19:10,872 - INFO - Progress: 6%
2025-04-25 20:19:10,909 - INFO - Progress: 12%
2025-04-25 20:19:10,945 - INFO - Progress: 18%
2025-04-25 20:19:10,984 - INFO - Progress: 25%
2025-04-25 20:19:11,219 - INFO - Progress: 30%
2025-04-25 20:19:11,220 - INFO - Progress: 40%
2025-04-25 20:19:11,220 - INFO - Progress: 50%
2025-04-25 20:19:11,224 - INFO - Progress: 100%
2025-04-25 20:19:11,267 - ERROR - Error in prepare_data_to_embed: 'NoneType' object has no attribute 'encrypt'
2025-04-25 20:19:11,267 - ERROR - Error in embed_data: Failed to prepare data for embedding: 'NoneType' object has no attribute 'encrypt'
2025-04-25 20:19:11,267 - ERROR - Metadata handling test failed: Embedding failed: Failed to prepare data for embedding: 'NoneType' object has no attribute 'encrypt'
2025-04-25 20:19:11,290 - INFO - Progress: 0%
2025-04-25 20:19:11,290 - INFO - Progress: 40%
2025-04-25 20:19:11,292 - INFO - Progress: 50%
2025-04-25 20:19:11,389 - INFO - Progress: 80%
2025-04-25 20:19:11,423 - INFO - Progress: 90%
2025-04-25 20:19:11,441 - INFO - Progress: 100%
2025-04-25 20:19:11,441 - INFO - Progress: 0%
2025-04-25 20:19:11,478 - INFO - Progress: 6%
2025-04-25 20:19:11,516 - INFO - Progress: 12%
2025-04-25 20:19:11,553 - INFO - Progress: 18%
2025-04-25 20:19:11,591 - INFO - Progress: 25%
2025-04-25 20:19:11,826 - INFO - Progress: 30%
2025-04-25 20:19:11,827 - INFO - Progress: 40%
2025-04-25 20:19:11,827 - ERROR - Extraction failed: Invalid password
2025-04-25 20:19:11,829 - ERROR - Error in prepare_data_to_embed: 'NoneType' object has no attribute 'encrypt'
2025-04-25 20:19:11,829 - ERROR - Error in embed_data: Failed to prepare data for embedding: 'NoneType' object has no attribute 'encrypt'
2025-04-25 20:19:11,829 - ERROR - Password validation test failed: Embedding failed: Failed to prepare data for embedding: 'NoneType' object has no attribute 'encrypt'
2025-04-25 20:21:28,833 - INFO - Progress: 100%
2025-04-25 20:21:28,863 - INFO - Progress: 30%
2025-04-25 20:21:28,866 - INFO - Progress: 100%
2025-04-25 20:21:28,867 - ERROR - Error in GIF test: exists: path should be string, bytes, os.PathLike or integer, not list
2025-04-25 20:21:28,917 - INFO - Progress: 100%
2025-04-25 20:21:28,948 - ERROR - GIF extraction failed: Decryption failed: 
2025-04-25 20:21:28,948 - ERROR - Error in GIF password test: Extraction failed: Decryption failed: 
2025-04-25 20:21:29,006 - INFO - Progress: 0%
2025-04-25 20:21:29,006 - INFO - Progress: 40%
2025-04-25 20:21:29,007 - INFO - Progress: 50%
2025-04-25 20:21:29,102 - INFO - Progress: 80%
2025-04-25 20:21:29,137 - INFO - Progress: 90%
2025-04-25 20:21:29,154 - INFO - Progress: 100%
2025-04-25 20:21:29,154 - INFO - Progress: 0%
2025-04-25 20:21:29,191 - INFO - Progress: 6%
2025-04-25 20:21:29,228 - INFO - Progress: 12%
2025-04-25 20:21:29,264 - INFO - Progress: 18%
2025-04-25 20:21:29,303 - INFO - Progress: 25%
2025-04-25 20:21:29,547 - INFO - Progress: 30%
2025-04-25 20:21:29,548 - INFO - Progress: 40%
2025-04-25 20:21:29,548 - INFO - Progress: 50%
2025-04-25 20:21:29,550 - INFO - Progress: 100%
2025-04-25 20:21:29,568 - INFO - Progress: 0%
2025-04-25 20:21:29,569 - INFO - Progress: 40%
2025-04-25 20:21:29,570 - INFO - Progress: 50%
2025-04-25 20:21:29,663 - INFO - Progress: 80%
2025-04-25 20:21:29,698 - INFO - Progress: 90%
2025-04-25 20:21:29,715 - INFO - Progress: 100%
2025-04-25 20:21:29,715 - INFO - Progress: 0%
2025-04-25 20:21:29,751 - INFO - Progress: 6%
2025-04-25 20:21:29,790 - INFO - Progress: 12%
2025-04-25 20:21:29,826 - INFO - Progress: 18%
2025-04-25 20:21:29,864 - INFO - Progress: 25%
2025-04-25 20:21:30,094 - INFO - Progress: 30%
2025-04-25 20:21:30,095 - INFO - Progress: 40%
2025-04-25 20:21:30,095 - INFO - Progress: 50%
2025-04-25 20:21:30,098 - INFO - Progress: 100%
2025-04-25 20:21:30,171 - INFO - Progress: 100%
2025-04-25 20:21:30,202 - ERROR - Metadata viewing failed: Invalid password
2025-04-25 20:21:30,202 - ERROR - Metadata handling test failed: 'N/A' != 'Test Author'
- N/A
+ Test Author

2025-04-25 20:21:30,222 - INFO - Progress: 0%
2025-04-25 20:21:30,222 - INFO - Progress: 40%
2025-04-25 20:21:30,223 - INFO - Progress: 50%
2025-04-25 20:21:30,316 - INFO - Progress: 80%
2025-04-25 20:21:30,350 - INFO - Progress: 90%
2025-04-25 20:21:30,368 - INFO - Progress: 100%
2025-04-25 20:21:30,368 - INFO - Progress: 0%
2025-04-25 20:21:30,405 - INFO - Progress: 6%
2025-04-25 20:21:30,442 - INFO - Progress: 12%
2025-04-25 20:21:30,478 - INFO - Progress: 18%
2025-04-25 20:21:30,516 - INFO - Progress: 25%
2025-04-25 20:21:30,749 - INFO - Progress: 30%
2025-04-25 20:21:30,750 - INFO - Progress: 40%
2025-04-25 20:21:30,750 - ERROR - Extraction failed: Invalid password
2025-04-25 20:21:30,783 - INFO - Progress: 100%
2025-04-25 20:21:30,813 - ERROR - GIF extraction failed: Decryption failed: 
2025-04-25 20:25:39,336 - INFO - Progress: 100%
2025-04-25 20:25:39,337 - INFO - Progress: 30%
2025-04-25 20:25:39,339 - INFO - Progress: 100%
2025-04-25 20:25:39,339 - ERROR - Error in GIF test: exists: path should be string, bytes, os.PathLike or integer, not list
2025-04-25 20:25:39,391 - INFO - Progress: 100%
2025-04-25 20:25:39,421 - ERROR - GIF extraction failed: Decryption failed: 
2025-04-25 20:25:39,421 - ERROR - Error in GIF password test: Extraction failed: Decryption failed: 
2025-04-25 20:25:39,479 - INFO - Progress: 0%
2025-04-25 20:25:39,480 - INFO - Progress: 40%
2025-04-25 20:25:39,480 - INFO - Progress: 50%
2025-04-25 20:25:39,574 - INFO - Progress: 80%
2025-04-25 20:25:39,610 - INFO - Progress: 90%
2025-04-25 20:25:39,625 - INFO - Progress: 100%
2025-04-25 20:25:39,625 - INFO - Progress: 0%
2025-04-25 20:25:39,662 - INFO - Progress: 6%
2025-04-25 20:25:39,698 - INFO - Progress: 12%
2025-04-25 20:25:39,734 - INFO - Progress: 18%
2025-04-25 20:25:39,775 - INFO - Progress: 25%
2025-04-25 20:25:40,011 - INFO - Progress: 30%
2025-04-25 20:25:40,011 - INFO - Progress: 40%
2025-04-25 20:25:40,011 - INFO - Progress: 50%
2025-04-25 20:25:40,011 - ERROR - Extraction failed: Failed to process extracted data: Invalid data format
2025-04-25 20:25:40,011 - ERROR - Error in image test: Extraction failed: Failed to process extracted data: Invalid data format
2025-04-25 20:25:40,031 - INFO - Progress: 0%
2025-04-25 20:25:40,031 - INFO - Progress: 40%
2025-04-25 20:25:40,032 - INFO - Progress: 50%
2025-04-25 20:25:40,127 - INFO - Progress: 80%
2025-04-25 20:25:40,162 - INFO - Progress: 90%
2025-04-25 20:25:40,178 - INFO - Progress: 100%
2025-04-25 20:25:40,178 - INFO - Progress: 0%
2025-04-25 20:25:40,215 - INFO - Progress: 6%
2025-04-25 20:25:40,252 - INFO - Progress: 12%
2025-04-25 20:25:40,289 - INFO - Progress: 18%
2025-04-25 20:25:40,329 - INFO - Progress: 25%
2025-04-25 20:25:40,557 - INFO - Progress: 30%
2025-04-25 20:25:40,557 - INFO - Progress: 40%
2025-04-25 20:25:40,557 - ERROR - Extraction failed: Invalid password
2025-04-25 20:25:40,557 - ERROR - Error in image password test: Extraction failed: Invalid password
2025-04-25 20:25:40,632 - INFO - Progress: 100%
2025-04-25 20:25:40,634 - ERROR - Metadata handling test failed: GIFSteganographyLogic.view_metadata() takes from 2 to 4 positional arguments but 5 were given
2025-04-25 20:25:40,653 - INFO - Progress: 0%
2025-04-25 20:25:40,653 - INFO - Progress: 40%
2025-04-25 20:25:40,653 - INFO - Progress: 50%
2025-04-25 20:25:40,755 - INFO - Progress: 80%
2025-04-25 20:25:40,794 - INFO - Progress: 90%
2025-04-25 20:25:40,811 - INFO - Progress: 100%
2025-04-25 20:25:40,812 - INFO - Progress: 0%
2025-04-25 20:25:40,849 - INFO - Progress: 6%
2025-04-25 20:25:40,886 - INFO - Progress: 12%
2025-04-25 20:25:40,923 - INFO - Progress: 18%
2025-04-25 20:25:40,962 - INFO - Progress: 25%
2025-04-25 20:25:41,203 - INFO - Progress: 30%
2025-04-25 20:25:41,204 - INFO - Progress: 40%
2025-04-25 20:25:41,204 - ERROR - Extraction failed: Invalid password
2025-04-25 20:25:41,238 - INFO - Progress: 100%
2025-04-25 20:25:41,268 - ERROR - GIF extraction failed: Decryption failed: 
2025-04-25 20:31:29,967 - ERROR - Cipher setup failed: name 'base64' is not defined
2025-04-25 20:31:29,990 - INFO - Progress: 100%
2025-04-25 20:31:29,991 - INFO - Progress: 30%
2025-04-25 20:31:29,992 - INFO - Progress: 100%
2025-04-25 20:31:29,992 - ERROR - Error in GIF test: exists: path should be string, bytes, os.PathLike or integer, not list
2025-04-25 20:31:30,013 - ERROR - Cipher setup failed: name 'base64' is not defined
2025-04-25 20:31:30,013 - ERROR - Error in embed_data: Failed to initialize encryption
2025-04-25 20:31:30,013 - ERROR - Error in GIF password test: Embedding failed: Failed to initialize encryption
2025-04-25 20:31:30,070 - INFO - Progress: 0%
2025-04-25 20:31:30,071 - INFO - Progress: 40%
2025-04-25 20:31:30,071 - INFO - Progress: 50%
2025-04-25 20:31:30,159 - INFO - Progress: 80%
2025-04-25 20:31:30,195 - INFO - Progress: 90%
2025-04-25 20:31:30,210 - INFO - Progress: 100%
2025-04-25 20:31:30,210 - INFO - Progress: 0%
2025-04-25 20:31:30,247 - INFO - Progress: 6%
2025-04-25 20:31:30,285 - INFO - Progress: 12%
2025-04-25 20:31:30,321 - INFO - Progress: 18%
2025-04-25 20:31:30,361 - INFO - Progress: 25%
2025-04-25 20:31:30,598 - INFO - Progress: 30%
2025-04-25 20:31:30,598 - INFO - Progress: 40%
2025-04-25 20:31:30,599 - INFO - Progress: 50%
2025-04-25 20:31:30,599 - ERROR - Extraction failed: Failed to process extracted data: Invalid data format
2025-04-25 20:31:30,599 - ERROR - Error in image test: Extraction failed: Failed to process extracted data: Invalid data format
2025-04-25 20:31:30,618 - INFO - Progress: 0%
2025-04-25 20:31:30,618 - INFO - Progress: 40%
2025-04-25 20:31:30,620 - INFO - Progress: 50%
2025-04-25 20:31:30,709 - INFO - Progress: 80%
2025-04-25 20:31:30,744 - INFO - Progress: 90%
2025-04-25 20:31:30,762 - INFO - Progress: 100%
2025-04-25 20:31:30,762 - INFO - Progress: 0%
2025-04-25 20:31:30,798 - INFO - Progress: 6%
2025-04-25 20:31:30,835 - INFO - Progress: 12%
2025-04-25 20:31:30,872 - INFO - Progress: 18%
2025-04-25 20:31:30,911 - INFO - Progress: 25%
2025-04-25 20:31:31,148 - INFO - Progress: 30%
2025-04-25 20:31:31,148 - INFO - Progress: 40%
2025-04-25 20:31:31,149 - ERROR - Extraction failed: Invalid password
2025-04-25 20:31:31,149 - ERROR - Error in image password test: Extraction failed: Invalid password
2025-04-25 20:31:31,187 - ERROR - Cipher setup failed: name 'base64' is not defined
2025-04-25 20:31:31,187 - ERROR - Error in embed_data: Failed to initialize encryption
2025-04-25 20:31:31,187 - ERROR - Metadata handling test failed: Embedding failed: Failed to initialize encryption
2025-04-25 20:31:31,210 - INFO - Progress: 0%
2025-04-25 20:31:31,211 - INFO - Progress: 40%
2025-04-25 20:31:31,211 - INFO - Progress: 50%
2025-04-25 20:31:31,304 - INFO - Progress: 80%
2025-04-25 20:31:31,341 - INFO - Progress: 90%
2025-04-25 20:31:31,358 - INFO - Progress: 100%
2025-04-25 20:31:31,358 - INFO - Progress: 0%
2025-04-25 20:31:31,395 - INFO - Progress: 6%
2025-04-25 20:31:31,435 - INFO - Progress: 12%
2025-04-25 20:31:31,473 - INFO - Progress: 18%
2025-04-25 20:31:31,515 - INFO - Progress: 25%
2025-04-25 20:31:31,746 - INFO - Progress: 30%
2025-04-25 20:31:31,747 - INFO - Progress: 40%
2025-04-25 20:31:31,747 - ERROR - Extraction failed: Invalid password
2025-04-25 20:31:31,749 - ERROR - Cipher setup failed: name 'base64' is not defined
2025-04-25 20:31:31,749 - ERROR - Error in embed_data: Failed to initialize encryption
2025-04-25 20:31:31,749 - ERROR - Password validation test failed: Embedding failed: Failed to initialize encryption
2025-04-25 20:33:19,557 - ERROR - Cipher setup failed: name 'base64' is not defined
2025-04-25 20:33:19,579 - INFO - Progress: 100%
2025-04-25 20:33:19,585 - INFO - Progress: 30%
2025-04-25 20:33:19,586 - INFO - Progress: 100%
2025-04-25 20:33:19,606 - ERROR - Cipher setup failed: name 'base64' is not defined
2025-04-25 20:33:19,606 - ERROR - Error in embed_data: Failed to initialize encryption
2025-04-25 20:33:19,606 - ERROR - Error in GIF password test: Embedding failed: Failed to initialize encryption
2025-04-25 20:33:19,660 - INFO - Progress: 0%
2025-04-25 20:33:19,661 - INFO - Progress: 40%
2025-04-25 20:33:19,661 - INFO - Progress: 50%
2025-04-25 20:33:19,752 - INFO - Progress: 80%
2025-04-25 20:33:19,786 - INFO - Progress: 90%
2025-04-25 20:33:19,803 - INFO - Progress: 100%
2025-04-25 20:33:19,803 - INFO - Progress: 0%
2025-04-25 20:33:19,840 - INFO - Progress: 6%
2025-04-25 20:33:19,877 - INFO - Progress: 12%
2025-04-25 20:33:19,912 - INFO - Progress: 18%
2025-04-25 20:33:19,952 - INFO - Progress: 25%
2025-04-25 20:33:20,193 - INFO - Progress: 30%
2025-04-25 20:33:20,193 - INFO - Progress: 40%
2025-04-25 20:33:20,194 - INFO - Progress: 50%
2025-04-25 20:33:20,194 - ERROR - Extraction failed: Failed to process extracted data: Invalid data format
2025-04-25 20:33:20,194 - ERROR - Error in image test: Extraction failed: Failed to process extracted data: Invalid data format
2025-04-25 20:33:20,213 - INFO - Progress: 0%
2025-04-25 20:33:20,214 - INFO - Progress: 40%
2025-04-25 20:33:20,215 - INFO - Progress: 50%
2025-04-25 20:33:20,310 - INFO - Progress: 80%
2025-04-25 20:33:20,344 - INFO - Progress: 90%
2025-04-25 20:33:20,361 - INFO - Progress: 100%
2025-04-25 20:33:20,361 - INFO - Progress: 0%
2025-04-25 20:33:20,397 - INFO - Progress: 6%
2025-04-25 20:33:20,436 - INFO - Progress: 12%
2025-04-25 20:33:20,472 - INFO - Progress: 18%
2025-04-25 20:33:20,509 - INFO - Progress: 25%
2025-04-25 20:33:20,747 - INFO - Progress: 30%
2025-04-25 20:33:20,747 - INFO - Progress: 40%
2025-04-25 20:33:20,747 - ERROR - Extraction failed: Invalid password
2025-04-25 20:33:20,747 - ERROR - Error in image password test: Extraction failed: Invalid password
2025-04-25 20:33:20,788 - ERROR - Cipher setup failed: name 'base64' is not defined
2025-04-25 20:33:20,788 - ERROR - Error in embed_data: Failed to initialize encryption
2025-04-25 20:33:20,788 - ERROR - Metadata handling test failed: Embedding failed: Failed to initialize encryption
2025-04-25 20:33:20,807 - INFO - Progress: 0%
2025-04-25 20:33:20,807 - INFO - Progress: 40%
2025-04-25 20:33:20,807 - INFO - Progress: 50%
2025-04-25 20:33:20,897 - INFO - Progress: 80%
2025-04-25 20:33:20,930 - INFO - Progress: 90%
2025-04-25 20:33:20,947 - INFO - Progress: 100%
2025-04-25 20:33:20,947 - INFO - Progress: 0%
2025-04-25 20:33:20,985 - INFO - Progress: 6%
2025-04-25 20:33:21,021 - INFO - Progress: 12%
2025-04-25 20:33:21,059 - INFO - Progress: 18%
2025-04-25 20:33:21,098 - INFO - Progress: 25%
2025-04-25 20:33:21,336 - INFO - Progress: 30%
2025-04-25 20:33:21,336 - INFO - Progress: 40%
2025-04-25 20:33:21,336 - ERROR - Extraction failed: Invalid password
2025-04-25 20:33:21,338 - ERROR - Cipher setup failed: name 'base64' is not defined
2025-04-25 20:33:21,338 - ERROR - Error in embed_data: Failed to initialize encryption
2025-04-25 20:33:21,338 - ERROR - Password validation test failed: Embedding failed: Failed to initialize encryption
2025-04-25 20:34:58,475 - ERROR - Embedding failed: 'bytearray' object has no attribute 'write'
2025-04-25 20:43:59,999 - ERROR - Decryption failed: 
2025-04-25 20:43:59,999 - ERROR - Extraction failed: Decryption failed: 
2025-04-25 20:46:04,471 - ERROR - Decryption failed: 
2025-04-25 20:46:04,471 - ERROR - Extraction failed: Decryption failed: 
2025-04-25 20:47:22,367 - ERROR - Decryption failed: 
2025-04-25 20:47:22,367 - ERROR - Extraction failed: Decryption failed: 
2025-04-25 20:47:44,331 - ERROR - Decryption failed: 
2025-04-25 20:47:44,331 - ERROR - Extraction failed: Decryption failed: 
2025-04-25 20:48:46,022 - ERROR - Extraction failed: Data integrity check failed
2025-04-25 20:49:18,148 - ERROR - Extraction failed: Data integrity check failed
2025-04-25 20:49:47,681 - ERROR - Extraction failed: Data integrity check failed
2025-04-25 20:52:45,191 - ERROR - Extraction failed: Data integrity check failed
2025-04-25 20:53:17,031 - ERROR - Extraction failed: Data integrity check failed
2025-04-25 21:11:51,221 - ERROR - Extraction failed: Data integrity check failed
